<?xml version="1.0" encoding="utf-8"?>
<TestRun id="525b614a-ce8c-41a3-b4c5-18977c8fc9a9" name="edgewords@DESKTOP-4MJFA01 2021-05-25 10:07:01" runUser="DESKTOP-4MJFA01\edgewords" xmlns="http://microsoft.com/schemas/VisualStudio/TeamTest/2010">
  <Times creation="2021-05-25T10:07:01.0764101+01:00" queuing="2021-05-25T10:07:01.0764116+01:00" start="2021-05-25T10:06:43.3513295+01:00" finish="2021-05-25T10:07:09.1103277+01:00" />
  <TestSettings name="default" id="ac30a686-a8e7-479d-9b12-b7520b237042">
    <Deployment runDeploymentRoot="edgewords_DESKTOP-4MJFA01_2021-05-25_10_07_01" />
  </TestSettings>
  <Results>
    <UnitTestResult executionId="e7050dc8-6486-459d-b459-46d593528cf3" testId="64eeca46-6ca8-5394-21a4-19181963465e" testName="TestMethod" computerName="DESKTOP-4MJFA01" duration="00:00:15.9187820" startTime="2021-05-25T10:06:45.0463424+01:00" endTime="2021-05-25T10:07:00.9648097+01:00" testType="13cdc9d9-ddb5-4fa4-a97d-d965ccfc6d4b" outcome="Passed" testListId="8c84fa94-04c1-424b-9868-57a2d4851a1d" relativeResultsDirectory="e7050dc8-6486-459d-b459-46d593528cf3">
      <Output>
        <StdOut>Hello from TestContext&#xD;
Reporting using Console&#xD;
Finished!&#xD;
Hello from FirstTest via TestContext&#xD;
&#xD;
We got this far so we passed</StdOut>
      </Output>
      <ResultFiles>
        <ResultFile path="DESKTOP-4MJFA01\my_screenshot.png" />
        <ResultFile path="DESKTOP-4MJFA01\page.png" />
      </ResultFiles>
    </UnitTestResult>
    <UnitTestResult executionId="5c0298db-ff3f-40c3-be47-0b7976efb49c" testId="785531e0-178e-f8ed-bdd3-64f83654a2e1" testName="sanity" computerName="DESKTOP-4MJFA01" duration="00:00:07.8921990" startTime="2021-05-25T10:07:00.9740596+01:00" endTime="2021-05-25T10:07:08.8662550+01:00" testType="13cdc9d9-ddb5-4fa4-a97d-d965ccfc6d4b" outcome="Passed" testListId="8c84fa94-04c1-424b-9868-57a2d4851a1d" relativeResultsDirectory="5c0298db-ff3f-40c3-be47-0b7976efb49c">
      <Output>
        <StdOut>Hello from SanityTest via TestContext</StdOut>
      </Output>
    </UnitTestResult>
  </Results>
  <TestDefinitions>
    <UnitTest name="sanity" storage="c:\users\edgewords\source\repos\com.edgewords.webdrivernunitrunthrough\bin\debug\netcoreapp3.1\com.edgewords.webdrivernunitrunthrough.dll" id="785531e0-178e-f8ed-bdd3-64f83654a2e1">
      <Execution id="5c0298db-ff3f-40c3-be47-0b7976efb49c" />
      <TestMethod codeBase="C:\Users\edgewords\source\repos\com.edgewords.webdrivernunitrunthrough\bin\Debug\netcoreapp3.1\com.edgewords.webdrivernunitrunthrough.dll" adapterTypeName="executor://nunit3testexecutor/" className="com.edgewords.webdrivernunitrunthrough.Test_Cases.SanityTest" name="sanity" />
    </UnitTest>
    <UnitTest name="TestMethod" storage="c:\users\edgewords\source\repos\com.edgewords.webdrivernunitrunthrough\bin\debug\netcoreapp3.1\com.edgewords.webdrivernunitrunthrough.dll" id="64eeca46-6ca8-5394-21a4-19181963465e">
      <Execution id="e7050dc8-6486-459d-b459-46d593528cf3" />
      <TestMethod codeBase="C:\Users\edgewords\source\repos\com.edgewords.webdrivernunitrunthrough\bin\Debug\netcoreapp3.1\com.edgewords.webdrivernunitrunthrough.dll" adapterTypeName="executor://nunit3testexecutor/" className="com.edgewords.webdrivernunitrunthrough.Test_Cases.FirstTest" name="TestMethod" />
    </UnitTest>
  </TestDefinitions>
  <TestEntries>
    <TestEntry testId="64eeca46-6ca8-5394-21a4-19181963465e" executionId="e7050dc8-6486-459d-b459-46d593528cf3" testListId="8c84fa94-04c1-424b-9868-57a2d4851a1d" />
    <TestEntry testId="785531e0-178e-f8ed-bdd3-64f83654a2e1" executionId="5c0298db-ff3f-40c3-be47-0b7976efb49c" testListId="8c84fa94-04c1-424b-9868-57a2d4851a1d" />
  </TestEntries>
  <TestLists>
    <TestList name="Results Not in a List" id="8c84fa94-04c1-424b-9868-57a2d4851a1d" />
    <TestList name="All Loaded Results" id="19431567-8539-422a-85d7-44ee4e166bda" />
  </TestLists>
  <ResultSummary outcome="Completed">
    <Counters total="2" executed="2" passed="2" failed="0" error="0" timeout="0" aborted="0" inconclusive="0" passedButRunAborted="0" notRunnable="0" notExecuted="0" disconnected="0" warning="0" completed="0" inProgress="0" pending="0" />
    <Output>
      <StdOut>NUnit Adapter 3.17.0.0: Test execution started&#xD;
Running all tests in C:\Users\edgewords\source\repos\com.edgewords.webdrivernunitrunthrough\bin\Debug\netcoreapp3.1\com.edgewords.webdrivernunitrunthrough.dll&#xD;
   NUnit3TestExecutor discovered 5 of 5 NUnit test cases&#xD;
Hello from TestContext&#xD;
Reporting using Console&#xD;
Finished!&#xD;
Hello from FirstTest via TestContext&#xD;
&#xD;
TestMethod: We got this far so we passed&#xD;
Hello from SanityTest via TestContext&#xD;
&#xD;
NUnit Adapter 3.17.0.0: Test execution complete&#xD;
</StdOut>
    </Output>
  </ResultSummary>
</TestRun>