<?xml version="1.0" encoding="utf-8"?>
<TestRun id="cc634d7e-821e-4bf8-a735-f9fc1ce1d94c" name="edgewords@DESKTOP-4MJFA01 2021-05-25 10:37:54" runUser="DESKTOP-4MJFA01\edgewords" xmlns="http://microsoft.com/schemas/VisualStudio/TeamTest/2010">
  <Times creation="2021-05-25T10:37:54.5610617+01:00" queuing="2021-05-25T10:37:54.5610669+01:00" start="2021-05-25T10:37:48.4297523+01:00" finish="2021-05-25T10:37:57.1957105+01:00" />
  <TestSettings name="default" id="1b1d6147-4a7f-4628-a53e-d2413e30ff18">
    <Deployment runDeploymentRoot="edgewords_DESKTOP-4MJFA01_2021-05-25_10_37_54" />
  </TestSettings>
  <Results>
    <UnitTestResult executionId="6d43c3dd-bc1f-47d8-b039-2a92915578c9" testId="1e73b2dd-77fd-12a5-9bae-a0a13cd06e84" testName="AnotherTest(&quot;bob&quot;,&quot;password1&quot;)" computerName="DESKTOP-4MJFA01" duration="00:00:02.5503050" startTime="2021-05-25T10:37:51.8791528+01:00" endTime="2021-05-25T10:37:54.4291485+01:00" testType="13cdc9d9-ddb5-4fa4-a97d-d965ccfc6d4b" outcome="Passed" testListId="8c84fa94-04c1-424b-9868-57a2d4851a1d" relativeResultsDirectory="6d43c3dd-bc1f-47d8-b039-2a92915578c9">
      <Output>
        <StdOut>The runsettings param was FooBar&#xD;
bob password1&#xD;
http://www.edgewordstraining.co.uk/webdriver2/&#xD;
&#xD;
Passed</StdOut>
      </Output>
    </UnitTestResult>
    <UnitTestResult executionId="30ad7333-a9cc-473a-85e4-dddd982f5828" testId="2d4b1a73-7b46-3c2d-56a7-607bb0df79ba" testName="AnotherTest(&quot;dave&quot;,&quot;letmein&quot;)" computerName="DESKTOP-4MJFA01" duration="00:00:02.5505450" startTime="2021-05-25T10:37:54.4350920+01:00" endTime="2021-05-25T10:37:56.9856314+01:00" testType="13cdc9d9-ddb5-4fa4-a97d-d965ccfc6d4b" outcome="Passed" testListId="8c84fa94-04c1-424b-9868-57a2d4851a1d" relativeResultsDirectory="30ad7333-a9cc-473a-85e4-dddd982f5828">
      <Output>
        <StdOut>The runsettings param was FooBar&#xD;
dave letmein&#xD;
http://www.edgewordstraining.co.uk/webdriver2/&#xD;
&#xD;
Passed</StdOut>
      </Output>
    </UnitTestResult>
  </Results>
  <TestDefinitions>
    <UnitTest name="AnotherTest(&quot;bob&quot;,&quot;password1&quot;)" storage="c:\users\edgewords\source\repos\com.edgewords.webdrivernunitrunthrough\bin\debug\netcoreapp3.1\com.edgewords.webdrivernunitrunthrough.dll" id="1e73b2dd-77fd-12a5-9bae-a0a13cd06e84">
      <Execution id="6d43c3dd-bc1f-47d8-b039-2a92915578c9" />
      <TestMethod codeBase="C:\Users\edgewords\source\repos\com.edgewords.webdrivernunitrunthrough\bin\Debug\netcoreapp3.1\com.edgewords.webdrivernunitrunthrough.dll" adapterTypeName="executor://nunit3testexecutor/" className="com.edgewords.webdrivernunitrunthrough.Test_Cases.SanityTest" name="AnotherTest(&quot;bob&quot;,&quot;password1&quot;)" />
    </UnitTest>
    <UnitTest name="AnotherTest(&quot;dave&quot;,&quot;letmein&quot;)" storage="c:\users\edgewords\source\repos\com.edgewords.webdrivernunitrunthrough\bin\debug\netcoreapp3.1\com.edgewords.webdrivernunitrunthrough.dll" id="2d4b1a73-7b46-3c2d-56a7-607bb0df79ba">
      <Execution id="30ad7333-a9cc-473a-85e4-dddd982f5828" />
      <TestMethod codeBase="C:\Users\edgewords\source\repos\com.edgewords.webdrivernunitrunthrough\bin\Debug\netcoreapp3.1\com.edgewords.webdrivernunitrunthrough.dll" adapterTypeName="executor://nunit3testexecutor/" className="com.edgewords.webdrivernunitrunthrough.Test_Cases.SanityTest" name="AnotherTest(&quot;dave&quot;,&quot;letmein&quot;)" />
    </UnitTest>
  </TestDefinitions>
  <TestEntries>
    <TestEntry testId="1e73b2dd-77fd-12a5-9bae-a0a13cd06e84" executionId="6d43c3dd-bc1f-47d8-b039-2a92915578c9" testListId="8c84fa94-04c1-424b-9868-57a2d4851a1d" />
    <TestEntry testId="2d4b1a73-7b46-3c2d-56a7-607bb0df79ba" executionId="30ad7333-a9cc-473a-85e4-dddd982f5828" testListId="8c84fa94-04c1-424b-9868-57a2d4851a1d" />
  </TestEntries>
  <TestLists>
    <TestList name="Results Not in a List" id="8c84fa94-04c1-424b-9868-57a2d4851a1d" />
    <TestList name="All Loaded Results" id="19431567-8539-422a-85d7-44ee4e166bda" />
  </TestLists>
  <ResultSummary outcome="Completed">
    <Counters total="2" executed="2" passed="2" failed="0" error="0" timeout="0" aborted="0" inconclusive="0" passedButRunAborted="0" notRunnable="0" notExecuted="0" disconnected="0" warning="0" completed="0" inProgress="0" pending="0" />
    <Output>
      <StdOut>NUnit Adapter 3.17.0.0: Test execution started&#xD;
Running all tests in C:\Users\edgewords\source\repos\com.edgewords.webdrivernunitrunthrough\bin\Debug\netcoreapp3.1\com.edgewords.webdrivernunitrunthrough.dll&#xD;
   NUnit3TestExecutor discovered 5 of 5 NUnit test cases&#xD;
The runsettings param was FooBar&#xD;
bob password1&#xD;
http://www.edgewordstraining.co.uk/webdriver2/&#xD;
&#xD;
AnotherTest("bob","password1"): Passed&#xD;
The runsettings param was FooBar&#xD;
dave letmein&#xD;
http://www.edgewordstraining.co.uk/webdriver2/&#xD;
&#xD;
AnotherTest("dave","letmein"): Passed&#xD;
NUnit Adapter 3.17.0.0: Test execution complete&#xD;
</StdOut>
    </Output>
  </ResultSummary>
</TestRun>