<?xml version="1.0" encoding="utf-8"?>
<TestRun id="e45e345f-70cc-4a99-b2e3-9b6a9e8c06c7" name="edgewords@DESKTOP-4MJFA01 2021-05-25 10:20:47" runUser="DESKTOP-4MJFA01\edgewords" xmlns="http://microsoft.com/schemas/VisualStudio/TeamTest/2010">
  <Times creation="2021-05-25T10:20:47.7127058+01:00" queuing="2021-05-25T10:20:47.7127107+01:00" start="2021-05-25T10:20:43.1296367+01:00" finish="2021-05-25T10:20:49.5368349+01:00" />
  <TestSettings name="default" id="2da3ba2f-9e91-4e58-9a59-ae6861de7c9a">
    <Deployment runDeploymentRoot="edgewords_DESKTOP-4MJFA01_2021-05-25_10_20_47" />
  </TestSettings>
  <Results>
    <UnitTestResult executionId="2f390ebb-5c7f-4bec-95e8-5650578291e6" testId="1e73b2dd-77fd-12a5-9bae-a0a13cd06e84" testName="AnotherTest(&quot;bob&quot;,&quot;password1&quot;)" computerName="DESKTOP-4MJFA01" duration="00:00:02.2926590" startTime="2021-05-25T10:20:44.9335938+01:00" endTime="2021-05-25T10:20:47.2259684+01:00" testType="13cdc9d9-ddb5-4fa4-a97d-d965ccfc6d4b" outcome="Passed" testListId="8c84fa94-04c1-424b-9868-57a2d4851a1d" relativeResultsDirectory="2f390ebb-5c7f-4bec-95e8-5650578291e6">
      <Output>
        <StdOut>The commandline param was Boo&#xD;
bob password1&#xD;
http://www.edgewordstraining.co.uk/webdriver2/&#xD;
&#xD;
Passed</StdOut>
      </Output>
    </UnitTestResult>
    <UnitTestResult executionId="6fce1705-0888-4127-a62b-4b9b1c15d05d" testId="2d4b1a73-7b46-3c2d-56a7-607bb0df79ba" testName="AnotherTest(&quot;dave&quot;,&quot;letmein&quot;)" computerName="DESKTOP-4MJFA01" duration="00:00:02.0844140" startTime="2021-05-25T10:20:47.2343681+01:00" endTime="2021-05-25T10:20:49.3187754+01:00" testType="13cdc9d9-ddb5-4fa4-a97d-d965ccfc6d4b" outcome="Passed" testListId="8c84fa94-04c1-424b-9868-57a2d4851a1d" relativeResultsDirectory="6fce1705-0888-4127-a62b-4b9b1c15d05d">
      <Output>
        <StdOut>The commandline param was Boo&#xD;
dave letmein&#xD;
http://www.edgewordstraining.co.uk/webdriver2/&#xD;
&#xD;
Passed</StdOut>
      </Output>
    </UnitTestResult>
  </Results>
  <TestDefinitions>
    <UnitTest name="AnotherTest(&quot;bob&quot;,&quot;password1&quot;)" storage="c:\users\edgewords\source\repos\com.edgewords.webdrivernunitrunthrough\bin\debug\netcoreapp3.1\com.edgewords.webdrivernunitrunthrough.dll" id="1e73b2dd-77fd-12a5-9bae-a0a13cd06e84">
      <Execution id="2f390ebb-5c7f-4bec-95e8-5650578291e6" />
      <TestMethod codeBase="C:\Users\edgewords\source\repos\com.edgewords.webdrivernunitrunthrough\bin\Debug\netcoreapp3.1\com.edgewords.webdrivernunitrunthrough.dll" adapterTypeName="executor://nunit3testexecutor/" className="com.edgewords.webdrivernunitrunthrough.Test_Cases.SanityTest" name="AnotherTest(&quot;bob&quot;,&quot;password1&quot;)" />
    </UnitTest>
    <UnitTest name="AnotherTest(&quot;dave&quot;,&quot;letmein&quot;)" storage="c:\users\edgewords\source\repos\com.edgewords.webdrivernunitrunthrough\bin\debug\netcoreapp3.1\com.edgewords.webdrivernunitrunthrough.dll" id="2d4b1a73-7b46-3c2d-56a7-607bb0df79ba">
      <Execution id="6fce1705-0888-4127-a62b-4b9b1c15d05d" />
      <TestMethod codeBase="C:\Users\edgewords\source\repos\com.edgewords.webdrivernunitrunthrough\bin\Debug\netcoreapp3.1\com.edgewords.webdrivernunitrunthrough.dll" adapterTypeName="executor://nunit3testexecutor/" className="com.edgewords.webdrivernunitrunthrough.Test_Cases.SanityTest" name="AnotherTest(&quot;dave&quot;,&quot;letmein&quot;)" />
    </UnitTest>
  </TestDefinitions>
  <TestEntries>
    <TestEntry testId="1e73b2dd-77fd-12a5-9bae-a0a13cd06e84" executionId="2f390ebb-5c7f-4bec-95e8-5650578291e6" testListId="8c84fa94-04c1-424b-9868-57a2d4851a1d" />
    <TestEntry testId="2d4b1a73-7b46-3c2d-56a7-607bb0df79ba" executionId="6fce1705-0888-4127-a62b-4b9b1c15d05d" testListId="8c84fa94-04c1-424b-9868-57a2d4851a1d" />
  </TestEntries>
  <TestLists>
    <TestList name="Results Not in a List" id="8c84fa94-04c1-424b-9868-57a2d4851a1d" />
    <TestList name="All Loaded Results" id="19431567-8539-422a-85d7-44ee4e166bda" />
  </TestLists>
  <ResultSummary outcome="Completed">
    <Counters total="2" executed="2" passed="2" failed="0" error="0" timeout="0" aborted="0" inconclusive="0" passedButRunAborted="0" notRunnable="0" notExecuted="0" disconnected="0" warning="0" completed="0" inProgress="0" pending="0" />
    <Output>
      <StdOut>NUnit Adapter 3.17.0.0: Test execution started&#xD;
Running all tests in C:\Users\edgewords\source\repos\com.edgewords.webdrivernunitrunthrough\bin\Debug\netcoreapp3.1\com.edgewords.webdrivernunitrunthrough.dll&#xD;
   NUnit3TestExecutor discovered 5 of 5 NUnit test cases&#xD;
The commandline param was Boo&#xD;
bob password1&#xD;
http://www.edgewordstraining.co.uk/webdriver2/&#xD;
&#xD;
AnotherTest("bob","password1"): Passed&#xD;
The commandline param was Boo&#xD;
dave letmein&#xD;
http://www.edgewordstraining.co.uk/webdriver2/&#xD;
&#xD;
AnotherTest("dave","letmein"): Passed&#xD;
NUnit Adapter 3.17.0.0: Test execution complete&#xD;
</StdOut>
    </Output>
  </ResultSummary>
</TestRun>