<?xml version="1.0" encoding="utf-8"?>
<TestRun id="2801f8a2-b965-4e87-86b3-a46d84c1b037" name="edgewords@DESKTOP-4MJFA01 2021-05-25 10:33:25" runUser="DESKTOP-4MJFA01\edgewords" xmlns="http://microsoft.com/schemas/VisualStudio/TeamTest/2010">
  <Times creation="2021-05-25T10:33:25.7924721+01:00" queuing="2021-05-25T10:33:25.7924738+01:00" start="2021-05-25T10:33:21.2760709+01:00" finish="2021-05-25T10:33:27.2205260+01:00" />
  <TestSettings name="default" id="0ee83e58-d677-4826-8e1d-9064d1a00cec">
    <Deployment runDeploymentRoot="edgewords_DESKTOP-4MJFA01_2021-05-25_10_33_25" />
  </TestSettings>
  <Results>
    <UnitTestResult executionId="7a7e65f8-a30a-476c-88cf-4bd066555a0d" testId="2d4b1a73-7b46-3c2d-56a7-607bb0df79ba" testName="AnotherTest(&quot;dave&quot;,&quot;letmein&quot;)" computerName="DESKTOP-4MJFA01" duration="00:00:01.8958650" startTime="2021-05-25T10:33:25.1249491+01:00" endTime="2021-05-25T10:33:27.0208096+01:00" testType="13cdc9d9-ddb5-4fa4-a97d-d965ccfc6d4b" outcome="Passed" testListId="8c84fa94-04c1-424b-9868-57a2d4851a1d" relativeResultsDirectory="7a7e65f8-a30a-476c-88cf-4bd066555a0d">
      <Output>
        <StdOut>The commandline param was FooBar&#xD;
dave letmein&#xD;
http://www.edgewordstraining.co.uk/webdriver2/&#xD;
&#xD;
Passed</StdOut>
      </Output>
    </UnitTestResult>
    <UnitTestResult executionId="f1176e09-b989-4d91-8bc2-368a3aee9965" testId="1e73b2dd-77fd-12a5-9bae-a0a13cd06e84" testName="AnotherTest(&quot;bob&quot;,&quot;password1&quot;)" computerName="DESKTOP-4MJFA01" duration="00:00:01.9332950" startTime="2021-05-25T10:33:23.1860137+01:00" endTime="2021-05-25T10:33:25.1190308+01:00" testType="13cdc9d9-ddb5-4fa4-a97d-d965ccfc6d4b" outcome="Passed" testListId="8c84fa94-04c1-424b-9868-57a2d4851a1d" relativeResultsDirectory="f1176e09-b989-4d91-8bc2-368a3aee9965">
      <Output>
        <StdOut>The commandline param was FooBar&#xD;
bob password1&#xD;
http://www.edgewordstraining.co.uk/webdriver2/&#xD;
&#xD;
Passed</StdOut>
      </Output>
    </UnitTestResult>
  </Results>
  <TestDefinitions>
    <UnitTest name="AnotherTest(&quot;bob&quot;,&quot;password1&quot;)" storage="c:\users\edgewords\source\repos\com.edgewords.webdrivernunitrunthrough\bin\debug\netcoreapp3.1\com.edgewords.webdrivernunitrunthrough.dll" id="1e73b2dd-77fd-12a5-9bae-a0a13cd06e84">
      <Execution id="f1176e09-b989-4d91-8bc2-368a3aee9965" />
      <TestMethod codeBase="C:\Users\edgewords\source\repos\com.edgewords.webdrivernunitrunthrough\bin\Debug\netcoreapp3.1\com.edgewords.webdrivernunitrunthrough.dll" adapterTypeName="executor://nunit3testexecutor/" className="com.edgewords.webdrivernunitrunthrough.Test_Cases.SanityTest" name="AnotherTest(&quot;bob&quot;,&quot;password1&quot;)" />
    </UnitTest>
    <UnitTest name="AnotherTest(&quot;dave&quot;,&quot;letmein&quot;)" storage="c:\users\edgewords\source\repos\com.edgewords.webdrivernunitrunthrough\bin\debug\netcoreapp3.1\com.edgewords.webdrivernunitrunthrough.dll" id="2d4b1a73-7b46-3c2d-56a7-607bb0df79ba">
      <Execution id="7a7e65f8-a30a-476c-88cf-4bd066555a0d" />
      <TestMethod codeBase="C:\Users\edgewords\source\repos\com.edgewords.webdrivernunitrunthrough\bin\Debug\netcoreapp3.1\com.edgewords.webdrivernunitrunthrough.dll" adapterTypeName="executor://nunit3testexecutor/" className="com.edgewords.webdrivernunitrunthrough.Test_Cases.SanityTest" name="AnotherTest(&quot;dave&quot;,&quot;letmein&quot;)" />
    </UnitTest>
  </TestDefinitions>
  <TestEntries>
    <TestEntry testId="2d4b1a73-7b46-3c2d-56a7-607bb0df79ba" executionId="7a7e65f8-a30a-476c-88cf-4bd066555a0d" testListId="8c84fa94-04c1-424b-9868-57a2d4851a1d" />
    <TestEntry testId="1e73b2dd-77fd-12a5-9bae-a0a13cd06e84" executionId="f1176e09-b989-4d91-8bc2-368a3aee9965" testListId="8c84fa94-04c1-424b-9868-57a2d4851a1d" />
  </TestEntries>
  <TestLists>
    <TestList name="Results Not in a List" id="8c84fa94-04c1-424b-9868-57a2d4851a1d" />
    <TestList name="All Loaded Results" id="19431567-8539-422a-85d7-44ee4e166bda" />
  </TestLists>
  <ResultSummary outcome="Completed">
    <Counters total="2" executed="2" passed="2" failed="0" error="0" timeout="0" aborted="0" inconclusive="0" passedButRunAborted="0" notRunnable="0" notExecuted="0" disconnected="0" warning="0" completed="0" inProgress="0" pending="0" />
    <Output>
      <StdOut>NUnit Adapter 3.17.0.0: Test execution started&#xD;
Running all tests in C:\Users\edgewords\source\repos\com.edgewords.webdrivernunitrunthrough\bin\Debug\netcoreapp3.1\com.edgewords.webdrivernunitrunthrough.dll&#xD;
   NUnit3TestExecutor discovered 5 of 5 NUnit test cases&#xD;
The commandline param was FooBar&#xD;
bob password1&#xD;
http://www.edgewordstraining.co.uk/webdriver2/&#xD;
&#xD;
AnotherTest("bob","password1"): Passed&#xD;
The commandline param was FooBar&#xD;
dave letmein&#xD;
http://www.edgewordstraining.co.uk/webdriver2/&#xD;
&#xD;
AnotherTest("dave","letmein"): Passed&#xD;
NUnit Adapter 3.17.0.0: Test execution complete&#xD;
</StdOut>
    </Output>
  </ResultSummary>
</TestRun>